2012/02/17 13:02:30 [error] [php] date(): It is not safe to rely on the system's timezone settings. You are *required* to use the date.timezone setting or the date_default_timezone_set() function. In case you used any of those methods and you are still getting this warning, you most likely misspelled the timezone identifier. We selected 'Europe/Berlin' for 'CET/1.0/no DST' instead (/Users/bazzdream/Sites/yii4sitegeist/protected/views/layouts/main.php:50)
Stack trace:
#0 /Users/bazzdream/Sites/yiiMain/framework/web/CBaseController.php(96): SiteController->renderInternal()
#1 /Users/bazzdream/Sites/yiiMain/framework/web/widgets/CContentDecorator.php(77): SiteController->renderFile()
#2 /Users/bazzdream/Sites/yiiMain/framework/web/widgets/CContentDecorator.php(55): CContentDecorator->decorate()
#3 /Users/bazzdream/Sites/yiiMain/framework/web/widgets/COutputProcessor.php(45): CContentDecorator->processOutput()
#4 /Users/bazzdream/Sites/yiiMain/framework/web/CBaseController.php(207): CContentDecorator->run()
#5 /Users/bazzdream/Sites/yiiMain/framework/web/CBaseController.php(301): SiteController->endWidget()
#6 /Users/bazzdream/Sites/yii4sitegeist/protected/views/layouts/column1.php(5): SiteController->endContent()
#7 /Users/bazzdream/Sites/yiiMain/framework/web/CBaseController.php(127): require()
#8 /Users/bazzdream/Sites/yiiMain/framework/web/CBaseController.php(96): SiteController->renderInternal()
#9 /Users/bazzdream/Sites/yiiMain/framework/web/CController.php(785): SiteController->renderFile()
#10 /Users/bazzdream/Sites/yii4sitegeist/protected/controllers/SiteController.php(32): SiteController->render()
#11 /Users/bazzdream/Sites/yiiMain/framework/web/actions/CInlineAction.php(50): SiteController->actionIndex()
#12 /Users/bazzdream/Sites/yiiMain/framework/web/CController.php(309): CInlineAction->runWithParams()
#13 /Users/bazzdream/Sites/yiiMain/framework/web/CController.php(287): SiteController->runAction()
#14 /Users/bazzdream/Sites/yiiMain/framework/web/CController.php(266): SiteController->runActionWithFilters()
#15 /Users/bazzdream/Sites/yiiMain/framework/web/CWebApplication.php(276): SiteController->run()
#16 /Users/bazzdream/Sites/yiiMain/framework/web/CWebApplication.php(135): CWebApplication->runController()
#17 /Users/bazzdream/Sites/yiiMain/framework/base/CApplication.php(162): CWebApplication->processRequest()
#18 /Users/bazzdream/Sites/yii4sitegeist/index.php(13): CWebApplication->run()
REQUEST_URI=/yii4sitegeist/
in /Users/bazzdream/Sites/yii4sitegeist/protected/views/layouts/main.php (50)
in /Users/bazzdream/Sites/yii4sitegeist/protected/views/layouts/column1.php (5)
in /Users/bazzdream/Sites/yii4sitegeist/protected/controllers/SiteController.php (32)
2012/02/17 13:03:45 [error] [php] date(): It is not safe to rely on the system's timezone settings. You are *required* to use the date.timezone setting or the date_default_timezone_set() function. In case you used any of those methods and you are still getting this warning, you most likely misspelled the timezone identifier. We selected 'Europe/Berlin' for 'CET/1.0/no DST' instead (/Users/bazzdream/Sites/yii4sitegeist/protected/views/layouts/main.php:50)
Stack trace:
#0 /Users/bazzdream/Sites/yiiMain/framework/web/CBaseController.php(96): SiteController->renderInternal()
#1 /Users/bazzdream/Sites/yiiMain/framework/web/widgets/CContentDecorator.php(77): SiteController->renderFile()
#2 /Users/bazzdream/Sites/yiiMain/framework/web/widgets/CContentDecorator.php(55): CContentDecorator->decorate()
#3 /Users/bazzdream/Sites/yiiMain/framework/web/widgets/COutputProcessor.php(45): CContentDecorator->processOutput()
#4 /Users/bazzdream/Sites/yiiMain/framework/web/CBaseController.php(207): CContentDecorator->run()
#5 /Users/bazzdream/Sites/yiiMain/framework/web/CBaseController.php(301): SiteController->endWidget()
#6 /Users/bazzdream/Sites/yii4sitegeist/protected/views/layouts/column1.php(5): SiteController->endContent()
#7 /Users/bazzdream/Sites/yiiMain/framework/web/CBaseController.php(127): require()
#8 /Users/bazzdream/Sites/yiiMain/framework/web/CBaseController.php(96): SiteController->renderInternal()
#9 /Users/bazzdream/Sites/yiiMain/framework/web/CController.php(785): SiteController->renderFile()
#10 /Users/bazzdream/Sites/yii4sitegeist/protected/controllers/SiteController.php(32): SiteController->render()
#11 /Users/bazzdream/Sites/yiiMain/framework/web/actions/CInlineAction.php(50): SiteController->actionIndex()
#12 /Users/bazzdream/Sites/yiiMain/framework/web/CController.php(309): CInlineAction->runWithParams()
#13 /Users/bazzdream/Sites/yiiMain/framework/web/CController.php(287): SiteController->runAction()
#14 /Users/bazzdream/Sites/yiiMain/framework/web/CController.php(266): SiteController->runActionWithFilters()
#15 /Users/bazzdream/Sites/yiiMain/framework/web/CWebApplication.php(276): SiteController->run()
#16 /Users/bazzdream/Sites/yiiMain/framework/web/CWebApplication.php(135): CWebApplication->runController()
#17 /Users/bazzdream/Sites/yiiMain/framework/base/CApplication.php(162): CWebApplication->processRequest()
#18 /Users/bazzdream/Sites/yii4sitegeist/index.php(13): CWebApplication->run()
REQUEST_URI=/yii4sitegeist/
in /Users/bazzdream/Sites/yii4sitegeist/protected/views/layouts/main.php (50)
in /Users/bazzdream/Sites/yii4sitegeist/protected/views/layouts/column1.php (5)
in /Users/bazzdream/Sites/yii4sitegeist/protected/controllers/SiteController.php (32)
2012/02/17 13:08:07 [error] [exception.CHttpException.404] exception 'CHttpException' with message 'Unable to resolve the request "gii".' in /Users/bazzdream/Sites/yiiMain/framework/web/CWebApplication.php:280
Stack trace:
#0 /Users/bazzdream/Sites/yiiMain/framework/web/CWebApplication.php(135): CWebApplication->runController('gii')
#1 /Users/bazzdream/Sites/yiiMain/framework/base/CApplication.php(162): CWebApplication->processRequest()
#2 /Users/bazzdream/Sites/yiitesting/index.php(13): CApplication->run()
#3 {main}
REQUEST_URI=/yiitesting/index.php?r=gii
---
2012/02/17 13:08:13 [error] [exception.CHttpException.404] exception 'CHttpException' with message 'Unable to resolve the request "gii".' in /Users/bazzdream/Sites/yiiMain/framework/web/CWebApplication.php:280
Stack trace:
#0 /Users/bazzdream/Sites/yiiMain/framework/web/CWebApplication.php(135): CWebApplication->runController('gii')
#1 /Users/bazzdream/Sites/yiiMain/framework/base/CApplication.php(162): CWebApplication->processRequest()
#2 /Users/bazzdream/Sites/yiitesting/index.php(13): CApplication->run()
#3 {main}
REQUEST_URI=/yiitesting/index.php?r=gii
---
2012/02/17 13:08:28 [error] [exception.CHttpException.404] exception 'CHttpException' with message 'Unable to resolve the request "giimodule.php".' in /Users/bazzdream/Sites/yiiMain/framework/web/CWebApplication.php:280
Stack trace:
#0 /Users/bazzdream/Sites/yiiMain/framework/web/CWebApplication.php(135): CWebApplication->runController('giimodule.php')
#1 /Users/bazzdream/Sites/yiiMain/framework/base/CApplication.php(162): CWebApplication->processRequest()
#2 /Users/bazzdream/Sites/yiitesting/index.php(13): CApplication->run()
#3 {main}
REQUEST_URI=/yiitesting/index.php?r=giimodule.php
---
2012/02/17 13:08:33 [error] [exception.CHttpException.404] exception 'CHttpException' with message 'Unable to resolve the request "giimodule.php".' in /Users/bazzdream/Sites/yiiMain/framework/web/CWebApplication.php:280
Stack trace:
#0 /Users/bazzdream/Sites/yiiMain/framework/web/CWebApplication.php(135): CWebApplication->runController('giimodule.php')
#1 /Users/bazzdream/Sites/yiiMain/framework/base/CApplication.php(162): CWebApplication->processRequest()
#2 /Users/bazzdream/Sites/yiitesting/index.php(13): CApplication->run()
#3 {main}
REQUEST_URI=/yiitesting/index.php?r=giimodule.php
---
